<?xml version="1.0" encoding="UTF-8"?>
<!-- Generated by org.testng.reporters.JUnitXMLReporter -->
<testsuite ignored="0" hostname="WINDOWS-R8SKFHD" failures="0" tests="2" name="Default test" time="57.325" errors="0" timestamp="2021-12-01T15:54:53 IST">
  <testcase classname="com.qa.fkart.Tests.fkart_ProductAddToCartPageTest" name="ValidateTitleTest" time="0.032"/>
  <testcase classname="com.qa.fkart.Tests.fkart_ProductAddToCartPageTest" name="AddToCartTest" time="50.577"/>
</testsuite> <!-- Default test -->
