<?xml version="1.0" encoding="UTF-8"?>
<!-- Generated by org.testng.reporters.JUnitXMLReporter -->
<testsuite ignored="0" hostname="WINDOWS-R8SKFHD" failures="0" tests="2" name="1.fkartLoginPageTest" time="40.111" errors="0" timestamp="2021-12-08T17:46:38 IST">
  <testcase classname="com.qa.fkart.Tests.fkart_LoginPageTest" name="ValidateTitleTest" time="0.024"/>
  <testcase classname="com.qa.fkart.Tests.fkart_LoginPageTest" name="closeLoginTest" time="33.136"/>
</testsuite> <!-- 1.fkartLoginPageTest -->
