<?xml version="1.0" encoding="UTF-8"?>
<!-- Generated by org.testng.reporters.JUnitXMLReporter -->
<testsuite ignored="0" hostname="WINDOWS-R8SKFHD" failures="0" tests="2" name="2.fkartRedmiGoPageTest" time="42.246" errors="0" timestamp="2021-12-08T17:47:21 IST">
  <testcase classname="com.qa.fkart.Tests.fkart_RedmigoPageTest" name="ValidateTitleTest" time="0.008"/>
  <testcase classname="com.qa.fkart.Tests.fkart_RedmigoPageTest" name="redmigoTest" time="36.989"/>
</testsuite> <!-- 2.fkartRedmiGoPageTest -->
