<?xml version="1.0" encoding="UTF-8"?>
<!-- Generated by org.testng.reporters.JUnitXMLReporter -->
<testsuite ignored="0" hostname="WINDOWS-R8SKFHD" failures="0" tests="2" name="2.fkartRedmiGoPageTest" time="42.265" errors="0" timestamp="2021-12-01T16:06:36 IST">
  <testcase classname="com.qa.fkart.Tests.fkart_RedmigoPageTest" name="ValidateTitleTest" time="0.009"/>
  <testcase classname="com.qa.fkart.Tests.fkart_RedmigoPageTest" name="redmigoTest" time="36.827"/>
</testsuite> <!-- 2.fkartRedmiGoPageTest -->
