<?xml version="1.0" encoding="UTF-8"?>
<!-- Generated by org.testng.reporters.JUnitXMLReporter -->
<testsuite ignored="0" hostname="WINDOWS-R8SKFHD" failures="0" tests="2" name="3.fkartProductNamePricePageTest" time="43.345" errors="0" timestamp="2021-12-01T16:07:19 IST">
  <testcase classname="com.qa.fkart.Tests.fkart_ProductNamePricePageTest" name="ValidateTitleTest" time="0.007"/>
  <testcase classname="com.qa.fkart.Tests.fkart_ProductNamePricePageTest" name="ProductNamePriceTest" time="36.516"/>
</testsuite> <!-- 3.fkartProductNamePricePageTest -->
