<?xml version="1.0" encoding="UTF-8"?>
<!-- Generated by org.testng.reporters.JUnitXMLReporter -->
<testsuite ignored="0" hostname="WINDOWS-R8SKFHD" failures="0" tests="2" name="3.fkartProductNamePricePageTest" time="42.563" errors="0" timestamp="2021-12-08T17:48:03 IST">
  <testcase classname="com.qa.fkart.Tests.fkart_ProductNamePricePageTest" name="ValidateTitleTest" time="0.01"/>
  <testcase classname="com.qa.fkart.Tests.fkart_ProductNamePricePageTest" name="ProductNamePriceTest" time="36.561"/>
</testsuite> <!-- 3.fkartProductNamePricePageTest -->
