<?xml version="1.0" encoding="UTF-8"?>
<!-- Generated by org.testng.reporters.JUnitXMLReporter -->
<testsuite ignored="0" hostname="WINDOWS-R8SKFHD" failures="0" tests="2" name="4.fkartProductAddToCartPageTest" time="56.257" errors="0" timestamp="2021-12-08T17:49:00 IST">
  <testcase classname="com.qa.fkart.Tests.fkart_ProductAddToCartPageTest" name="ValidateTitleTest" time="0.021"/>
  <testcase classname="com.qa.fkart.Tests.fkart_ProductAddToCartPageTest" name="AddToCartTest" time="50.513"/>
</testsuite> <!-- 4.fkartProductAddToCartPageTest -->
