<?xml version="1.0" encoding="UTF-8"?>
<testng-results ignored="0" total="8" passed="8" failed="0" skipped="0">
  <reporter-output>
  </reporter-output>
  <suite started-at="2021-12-08T17:45:58 IST" name="fkartTesting" finished-at="2021-12-08T17:49:00 IST" duration-ms="181282">
    <groups>
    </groups>
    <test started-at="2021-12-08T17:45:58 IST" name="1.fkartLoginPageTest" finished-at="2021-12-08T17:46:38 IST" duration-ms="40111">
      <class name="com.qa.fkart.Tests.fkart_LoginPageTest">
        <test-method is-config="true" signature="startBrowser()[pri:0, instance:com.qa.fkart.Tests.fkart_LoginPageTest@37654521]" started-at="2021-12-08T17:45:58 IST" name="startBrowser" finished-at="2021-12-08T17:46:05 IST" duration-ms="6202" status="PASS">
          <reporter-output>
          </reporter-output>
        </test-method> <!-- startBrowser -->
        <test-method signature="ValidateTitleTest()[pri:49, instance:com.qa.fkart.Tests.fkart_LoginPageTest@37654521]" started-at="2021-12-08T17:46:05 IST" name="ValidateTitleTest" description="Validating Title Test" finished-at="2021-12-08T17:46:05 IST" duration-ms="24" status="PASS">
          <reporter-output>
          </reporter-output>
        </test-method> <!-- ValidateTitleTest -->
        <test-method signature="closeLoginTest(java.lang.String)[pri:50, instance:com.qa.fkart.Tests.fkart_LoginPageTest@37654521]" started-at="2021-12-08T17:46:05 IST" name="closeLoginTest" description="Closing LoginModal Screen" finished-at="2021-12-08T17:46:38 IST" duration-ms="33136" status="PASS">
          <params>
            <param index="0">
              <value>
                <![CDATA[hp]]>
              </value>
            </param>
          </params>
          <reporter-output>
          </reporter-output>
        </test-method> <!-- closeLoginTest -->
        <test-method is-config="true" signature="closeTest()[pri:0, instance:com.qa.fkart.Tests.fkart_LoginPageTest@37654521]" started-at="2021-12-08T17:46:38 IST" name="closeTest" finished-at="2021-12-08T17:46:38 IST" duration-ms="680" status="PASS">
          <reporter-output>
          </reporter-output>
        </test-method> <!-- closeTest -->
      </class> <!-- com.qa.fkart.Tests.fkart_LoginPageTest -->
    </test> <!-- 1.fkartLoginPageTest -->
    <test started-at="2021-12-08T17:46:38 IST" name="2.fkartRedmiGoPageTest" finished-at="2021-12-08T17:47:21 IST" duration-ms="42246">
      <class name="com.qa.fkart.Tests.fkart_RedmigoPageTest">
        <test-method is-config="true" signature="startBrowser()[pri:0, instance:com.qa.fkart.Tests.fkart_RedmigoPageTest@2b91004a]" started-at="2021-12-08T17:46:38 IST" name="startBrowser" finished-at="2021-12-08T17:46:43 IST" duration-ms="4576" status="PASS">
          <reporter-output>
          </reporter-output>
        </test-method> <!-- startBrowser -->
        <test-method signature="ValidateTitleTest()[pri:49, instance:com.qa.fkart.Tests.fkart_RedmigoPageTest@2b91004a]" started-at="2021-12-08T17:46:43 IST" name="ValidateTitleTest" description="Validating Title Test" finished-at="2021-12-08T17:46:43 IST" duration-ms="8" status="PASS">
          <reporter-output>
          </reporter-output>
        </test-method> <!-- ValidateTitleTest -->
        <test-method signature="redmigoTest(java.lang.String)[pri:50, instance:com.qa.fkart.Tests.fkart_RedmigoPageTest@2b91004a]" started-at="2021-12-08T17:46:43 IST" name="redmigoTest" description="Testing RedmiGo Screen" finished-at="2021-12-08T17:47:20 IST" duration-ms="36989" status="PASS">
          <params>
            <param index="0">
              <value>
                <![CDATA[knife]]>
              </value>
            </param>
          </params>
          <reporter-output>
          </reporter-output>
        </test-method> <!-- redmigoTest -->
        <test-method is-config="true" signature="closeTest()[pri:0, instance:com.qa.fkart.Tests.fkart_RedmigoPageTest@2b91004a]" started-at="2021-12-08T17:47:20 IST" name="closeTest" finished-at="2021-12-08T17:47:21 IST" duration-ms="663" status="PASS">
          <reporter-output>
          </reporter-output>
        </test-method> <!-- closeTest -->
      </class> <!-- com.qa.fkart.Tests.fkart_RedmigoPageTest -->
    </test> <!-- 2.fkartRedmiGoPageTest -->
    <test started-at="2021-12-08T17:47:21 IST" name="3.fkartProductNamePricePageTest" finished-at="2021-12-08T17:48:03 IST" duration-ms="42563">
      <class name="com.qa.fkart.Tests.fkart_ProductNamePricePageTest">
        <test-method is-config="true" signature="startBrowser()[pri:0, instance:com.qa.fkart.Tests.fkart_ProductNamePricePageTest@22ef9844]" started-at="2021-12-08T17:47:21 IST" name="startBrowser" finished-at="2021-12-08T17:47:26 IST" duration-ms="5312" status="PASS">
          <reporter-output>
          </reporter-output>
        </test-method> <!-- startBrowser -->
        <test-method signature="ValidateTitleTest()[pri:49, instance:com.qa.fkart.Tests.fkart_ProductNamePricePageTest@22ef9844]" started-at="2021-12-08T17:47:26 IST" name="ValidateTitleTest" description="Validating Title Test" finished-at="2021-12-08T17:47:26 IST" duration-ms="10" status="PASS">
          <reporter-output>
          </reporter-output>
        </test-method> <!-- ValidateTitleTest -->
        <test-method signature="ProductNamePriceTest(java.lang.String)[pri:50, instance:com.qa.fkart.Tests.fkart_ProductNamePricePageTest@22ef9844]" started-at="2021-12-08T17:47:26 IST" name="ProductNamePriceTest" description="Testing Product Name Price Screen" finished-at="2021-12-08T17:48:03 IST" duration-ms="36561" status="PASS">
          <params>
            <param index="0">
              <value>
                <![CDATA[laptop]]>
              </value>
            </param>
          </params>
          <reporter-output>
          </reporter-output>
        </test-method> <!-- ProductNamePriceTest -->
        <test-method is-config="true" signature="closeTest()[pri:0, instance:com.qa.fkart.Tests.fkart_ProductNamePricePageTest@22ef9844]" started-at="2021-12-08T17:48:03 IST" name="closeTest" finished-at="2021-12-08T17:48:03 IST" duration-ms="669" status="PASS">
          <reporter-output>
          </reporter-output>
        </test-method> <!-- closeTest -->
      </class> <!-- com.qa.fkart.Tests.fkart_ProductNamePricePageTest -->
    </test> <!-- 3.fkartProductNamePricePageTest -->
    <test started-at="2021-12-08T17:48:03 IST" name="4.fkartProductAddToCartPageTest" finished-at="2021-12-08T17:49:00 IST" duration-ms="56257">
      <class name="com.qa.fkart.Tests.fkart_ProductAddToCartPageTest">
        <test-method is-config="true" signature="startBrowser()[pri:0, instance:com.qa.fkart.Tests.fkart_ProductAddToCartPageTest@7e7be63f]" started-at="2021-12-08T17:48:03 IST" name="startBrowser" finished-at="2021-12-08T17:48:08 IST" duration-ms="5052" status="PASS">
          <reporter-output>
          </reporter-output>
        </test-method> <!-- startBrowser -->
        <test-method signature="ValidateTitleTest()[pri:49, instance:com.qa.fkart.Tests.fkart_ProductAddToCartPageTest@7e7be63f]" started-at="2021-12-08T17:48:08 IST" name="ValidateTitleTest" description="Validating Title Test" finished-at="2021-12-08T17:48:08 IST" duration-ms="21" status="PASS">
          <reporter-output>
          </reporter-output>
        </test-method> <!-- ValidateTitleTest -->
        <test-method signature="AddToCartTest(java.lang.String,java.lang.String)[pri:50, instance:com.qa.fkart.Tests.fkart_ProductAddToCartPageTest@7e7be63f]" started-at="2021-12-08T17:48:08 IST" name="AddToCartTest" description="Selected Product is Added to Cart" finished-at="2021-12-08T17:48:59 IST" duration-ms="50513" status="PASS">
          <params>
            <param index="0">
              <value>
                <![CDATA[headphones]]>
              </value>
            </param>
            <param index="1">
              <value>
                <![CDATA[516360]]>
              </value>
            </param>
          </params>
          <reporter-output>
          </reporter-output>
        </test-method> <!-- AddToCartTest -->
        <test-method is-config="true" signature="closeTest()[pri:0, instance:com.qa.fkart.Tests.fkart_ProductAddToCartPageTest@7e7be63f]" started-at="2021-12-08T17:48:59 IST" name="closeTest" finished-at="2021-12-08T17:49:00 IST" duration-ms="660" status="PASS">
          <reporter-output>
          </reporter-output>
        </test-method> <!-- closeTest -->
      </class> <!-- com.qa.fkart.Tests.fkart_ProductAddToCartPageTest -->
    </test> <!-- 4.fkartProductAddToCartPageTest -->
  </suite> <!-- fkartTesting -->
</testng-results>
